<?xml version="1.0" encoding="UTF-8"?>
<!-- Generated by org.testng.reporters.JUnitReportReporter -->
<testsuite skipped="0" hostname="DESKTOP-O0URF35" name="PageObjects.LandingPageTests" tests="1" failures="0" timestamp="17 May 2018 19:33:25 GMT" time="0.000" errors="0">
  <testcase name="searchTest" time="0.000" classname="PageObjects.LandingPageTests"/>
</testsuite> <!-- PageObjects.LandingPageTests -->
