<?xml version="1.0" encoding="UTF-8"?>
<!-- Generated by org.testng.reporters.JUnitReportReporter -->
<testsuite skipped="0" hostname="DESKTOP-O0URF35" name="PageObjects.SearchResultsTests" tests="1" failures="0" timestamp="17 May 2018 15:04:28 GMT" time="0.005" errors="0">
  <testcase name="searchAProduct" time="0.005" classname="PageObjects.SearchResultsTests"/>
</testsuite> <!-- PageObjects.SearchResultsTests -->
