<?xml version="1.0" encoding="UTF-8"?>
<!-- Generated by org.testng.reporters.JUnitReportReporter -->
<testsuite skipped="0" hostname="DESKTOP-O0URF35" name="PageObjects.LoginTests" tests="1" failures="0" timestamp="17 May 2018 15:33:40 GMT" time="5.130" errors="0">
  <testcase name="loginToEbay" time="5.130" classname="PageObjects.LoginTests"/>
</testsuite> <!-- PageObjects.LoginTests -->
