<?xml version="1.0" encoding="UTF-8"?>
<!-- Generated by org.testng.reporters.JUnitReportReporter -->
<testsuite skipped="0" hostname="DESKTOP-SQONQJN" name="PageObjects.LoginPage" tests="1" failures="0" timestamp="30 Apr 2018 09:50:43 GMT" time="0.012" errors="0">
  <testcase name="loginMethod" time="0.012" classname="PageObjects.LoginPage"/>
</testsuite> <!-- PageObjects.LoginPage -->
